<?xml version="1.0" encoding="UTF-8"?>
<!-- Generated by org.testng.reporters.JUnitXMLReporter -->
<testsuite hostname="DESKTOP-QTQGH1B" name="DeltaDentalMIInsurance" tests="2" failures="0" timestamp="8 May 2023 23:07:00 GMT" time="11.908" errors="0">
  <testcase name="searchEPODentistWithOnlyDentistName" time="7.204" classname="com.automation.dental.tests.SearchEPODentist"/>
  <testcase name="searchEPODentistWithOnlyDentistName" time="4.692" classname="com.automation.dental.tests.SearchEPODentist"/>
</testsuite> <!-- DeltaDentalMIInsurance -->
