<?xml version="1.0" encoding="UTF-8"?>
<!-- Generated by org.testng.reporters.JUnitXMLReporter -->
<testsuite hostname="DESKTOP-QTQGH1B" name="Error Validations Test" tests="2" failures="0" timestamp="6 May 2023 23:36:29 GMT" time="27.749" errors="0">
  <testcase name="LoginWithValidEmail" time="5.795" classname="com.automation.dental.tests.LoginErrorValidation"/>
  <testcase name="LoginWithValidPassword" time="7.817" classname="com.automation.dental.tests.LoginErrorValidation"/>
</testsuite> <!-- Error Validations Test -->
