<?xml version="1.0" encoding="UTF-8"?>
<!-- Generated by org.testng.reporters.JUnitXMLReporter -->
<testsuite hostname="DESKTOP-QTQGH1B" name="Login Error Validations Test" tests="3" failures="0" timestamp="8 May 2023 23:44:29 GMT" time="44.122" errors="0">
  <testcase name="LoginWithEmptyEmailAndPassword" time="12.245" classname="com.automation.dental.tests.LoginErrorValidation"/>
  <testcase name="LoginWithInvalidEmailAndPassword" time="14.367" classname="com.automation.dental.tests.LoginErrorValidation"/>
  <testcase name="LoginWithInvalidEmailAndPassword" time="15.433" classname="com.automation.dental.tests.LoginErrorValidation"/>
</testsuite> <!-- Login Error Validations Test -->
