<?xml version="1.0" encoding="UTF-8"?>
<!-- Generated by org.testng.reporters.JUnitXMLReporter -->
<testsuite hostname="DESKTOP-QTQGH1B" name="Register Error Validations Test" tests="2" failures="0" timestamp="8 May 2023 23:44:50 GMT" time="21.108" errors="0">
  <testcase name="verifyRegisterWithEmptyInformation" time="9.497" classname="com.automation.dental.tests.RegisterErrorValidation"/>
  <testcase name="verifyRegisterWithInvalidInformation" time="10.22" classname="com.automation.dental.tests.RegisterErrorValidation"/>
</testsuite> <!-- Register Error Validations Test -->
