<?xml version="1.0" encoding="UTF-8"?>
<!-- Generated by org.testng.reporters.JUnitXMLReporter -->
<testsuite hostname="DESKTOP-QTQGH1B" name="Search EPO Dentist Test" tests="7" failures="0" timestamp="8 May 2023 23:45:39 GMT" time="40.199" errors="0">
  <testcase name="searchEPODentistWithAllInformation" time="5.352" classname="com.automation.dental.tests.SearchEPODentist"/>
  <testcase name="searchEPODentistWithBasicInformation" time="5.381" classname="com.automation.dental.tests.SearchEPODentist"/>
  <testcase name="searchEPODentistWithBasicInformation" time="4.73" classname="com.automation.dental.tests.SearchEPODentist"/>
  <testcase name="searchEPODentistWithBasicInformation" time="5.052" classname="com.automation.dental.tests.SearchEPODentist"/>
  <testcase name="searchEPODentistWithEmptyInformation" time="4.341" classname="com.automation.dental.tests.SearchEPODentist"/>
  <testcase name="searchEPODentistWithOnlyDentistName" time="5.582" classname="com.automation.dental.tests.SearchEPODentist"/>
  <testcase name="searchEPODentistWithOnlyDentistName" time="5.047" classname="com.automation.dental.tests.SearchEPODentist"/>
</testsuite> <!-- Search EPO Dentist Test -->
